<?xml version="1.0" encoding="UTF-8"?>
<!-- Generated by org.testng.reporters.JUnitReportReporter -->
<testsuite hostname="dewesh-VivoBook-ASUSLaptop-X415JAB-X415JA" failures="0" tests="2" name="testNG_Parallel.Amazon_Compatibilty" time="14.744" errors="0" timestamp="2023-07-30T05:32:36 IST" skipped="0">
  <testcase classname="testNG_Parallel.Amazon_Compatibilty" name="openBrowser" time="4.755"/>
  <system-out/>
  <testcase classname="testNG_Parallel.Amazon_Compatibilty" name="openBrowser" time="9.989"/>
  <system-out/>
</testsuite> <!-- testNG_Parallel.Amazon_Compatibilty -->
