<?xml version="1.0" encoding="UTF-8"?>
<!-- Generated by org.testng.reporters.JUnitReportReporter -->
<testsuite hostname="dewesh-VivoBook-ASUSLaptop-X415JAB-X415JA" failures="0" tests="1" name="testNG_Parallel.Amazon" time="12.440" errors="0" timestamp="2023-07-29T19:24:51 IST" skipped="0">
  <testcase classname="testNG_Parallel.Amazon" name="amzon" time="12.440"/>
  <system-out/>
</testsuite> <!-- testNG_Parallel.Amazon -->
