<?xml version="1.0" encoding="UTF-8"?>
<!-- Generated by org.testng.reporters.JUnitReportReporter -->
<testsuite hostname="dewesh-VivoBook-ASUSLaptop-X415JAB-X415JA" failures="0" tests="2" name="testNG.Invocation_Count" time="0.004" errors="0" timestamp="2023-07-28T20:46:41 IST" skipped="0">
  <testcase classname="testNG.Invocation_Count" name="test2" time="0.001"/>
  <system-out/>
  <testcase classname="testNG.Invocation_Count" name="test1" time="0.003"/>
  <system-out/>
</testsuite> <!-- testNG.Invocation_Count -->
