<?xml version="1.0" encoding="UTF-8"?>
<!-- Generated by org.testng.reporters.JUnitReportReporter -->
<testsuite hostname="dewesh-VivoBook-ASUSLaptop-X415JAB-X415JA" failures="0" tests="3" name="testNG.DataProvider" time="6.741" errors="0" timestamp="2023-07-31T09:21:05 IST" skipped="0">
  <testcase classname="testNG.DataProvider" name="demo" time="2.915"/>
  <system-out/>
  <testcase classname="testNG.DataProvider" name="demo" time="1.639"/>
  <system-out/>
  <testcase classname="testNG.DataProvider" name="demo" time="2.187"/>
  <system-out/>
</testsuite> <!-- testNG.DataProvider -->
