<?xml version="1.0" encoding="UTF-8"?>
<!-- Generated by org.testng.reporters.JUnitReportReporter -->
<testsuite hostname="dewesh-VivoBook-ASUSLaptop-X415JAB-X415JA" failures="0" tests="4" name="testNG.Priority" time="0.018" errors="0" timestamp="2023-07-28T20:46:41 IST" skipped="1">
  <testcase classname="testNG.Priority" name="test1" time="0.001"/>
  <system-out/>
  <testcase classname="testNG.Priority" name="test1" time="0.015"/>
  <system-out/>
  <testcase classname="testNG.Priority" name="test2" time="0.002"/>
  <system-out/>
  <testcase classname="testNG.Priority" name="test3">
    <skipped/>
  </testcase> <!-- test3 -->
  <system-out/>
</testsuite> <!-- testNG.Priority -->
